Change Component Designator: Old Designator=C14 New Designator=C17
Change Component Designator: Old Designator=C18 New Designator=C16
Change Component Designator: Old Designator=D2 New Designator=D1
Change Component Designator: Old Designator=H10 New Designator=H22
Change Component Designator: Old Designator=H11 New Designator=H23
Change Component Designator: Old Designator=H12 New Designator=H24
Change Component Designator: Old Designator=H13 New Designator=H21
Change Component Designator: Old Designator=H18 New Designator=H20
Change Component Designator: Old Designator=H19 New Designator=H25
Change Component Designator: Old Designator=H22 New Designator=H19
Change Component Designator: Old Designator=H23 New Designator=H18
Change Component Designator: Old Designator=J9 New Designator=J1
Change Component Designator: Old Designator=Q? New Designator=Q1
Change Component Designator: Old Designator=Q? New Designator=Q2
Change Component Designator: Old Designator=Q? New Designator=Q3
Change Component Designator: Old Designator=R3 New Designator=R13
Change Component Designator: Old Designator=R4 New Designator=R16
Change Component Designator: Old Designator=R5 New Designator=R14
Change Component Designator: Old Designator=R14 New Designator=R15
Change Component Designator: Old Designator=R17 New Designator=R20
Change Component Designator: Old Designator=R? New Designator=R17
Change Component Designator: Old Designator=R? New Designator=R18
Change Component Designator: Old Designator=R? New Designator=R19
Change Component Designator: Old Designator=SW3 New Designator=SW1
Change Component Designator: Old Designator=SW? New Designator=SW2
Change Component Designator: Old Designator=SW? New Designator=SW3
Change Component Designator: Old Designator=U8 New Designator=U2
Change Component Designator: Old Designator=U? New Designator=U3
