Change Component Designator: Old Designator=C3 New Designator=C7
Change Component Designator: Old Designator=C4 New Designator=C8
Change Component Designator: Old Designator=C5 New Designator=C9
Change Component Designator: Old Designator=C6 New Designator=C10
Change Component Designator: Old Designator=C7 New Designator=C6
Change Component Designator: Old Designator=C8 New Designator=C11
Change Component Designator: Old Designator=C10 New Designator=C13
Change Component Designator: Old Designator=C11 New Designator=C14
Change Component Designator: Old Designator=C13 New Designator=C3
Change Component Designator: Old Designator=C22 New Designator=C15
Change Component Designator: Old Designator=C28 New Designator=C4
Change Component Designator: Old Designator=C29 New Designator=C5
Change Component Designator: Old Designator=C31 New Designator=C1
Change Component Designator: Old Designator=C32 New Designator=C2
Change Component Designator: Old Designator=H1 New Designator=H8
Change Component Designator: Old Designator=H1 New Designator=H16
Change Component Designator: Old Designator=H2 New Designator=H11
Change Component Designator: Old Designator=H2 New Designator=H15
Change Component Designator: Old Designator=H20 New Designator=H7
Change Component Designator: Old Designator=H21 New Designator=H9
Change Component Designator: Old Designator=H24 New Designator=H12
Change Component Designator: Old Designator=H25 New Designator=H13
Change Component Designator: Old Designator=H? New Designator=H1
Change Component Designator: Old Designator=H? New Designator=H2
Change Component Designator: Old Designator=H? New Designator=H3
Change Component Designator: Old Designator=H? New Designator=H4
Change Component Designator: Old Designator=H? New Designator=H5
Change Component Designator: Old Designator=H? New Designator=H6
Change Component Designator: Old Designator=H? New Designator=H10
Change Component Designator: Old Designator=H? New Designator=H14
Change Component Designator: Old Designator=R1 New Designator=R7
Change Component Designator: Old Designator=R2 New Designator=R8
Change Component Designator: Old Designator=R6 New Designator=R4
Change Component Designator: Old Designator=R7 New Designator=R6
Change Component Designator: Old Designator=R11 New Designator=R9
Change Component Designator: Old Designator=R12 New Designator=R10
Change Component Designator: Old Designator=R13 New Designator=R2
Change Component Designator: Old Designator=R15 New Designator=R5
Change Component Designator: Old Designator=R21 New Designator=R11
Change Component Designator: Old Designator=R26 New Designator=R1
Change Component Designator: Old Designator=R28 New Designator=R3
Change Component Designator: Old Designator=R30 New Designator=R12
Change Component Designator: Old Designator=RESET New Designator=RESET1
Change Component Designator: Old Designator=Y1 New Designator=Y2
Change Component Designator: Old Designator=Y2 New Designator=Y1
